
> container@0.1.0 dev
> NEXT_PRIVATE_LOCAL_WEBPACK=true next dev -p 3000

 ⚠ Warning: Next.js inferred your workspace root, but it may not be correct.
 We detected multiple lockfiles and selected the directory of /home/aditya/Desktop/Ugp/MicroFrontend/Combine/microfrontend/package-lock.json as the root directory.
 To silence this warning, set `outputFileTracingRoot` in your Next.js config, or consider removing one of the lockfiles if it's not needed.
   See https://nextjs.org/docs/app/api-reference/config/next-config-js/output#caveats for more information.
 Detected additional lockfiles: 
   * /home/aditya/Desktop/Ugp/MicroFrontend/Combine/microfrontend/container/package-lock.json

   ▲ Next.js 15.5.2
   - Local:        http://localhost:3000
   - Network:      http://172.1.0.233:3000
   - Environments: .env.local

 ✓ Starting...
[ Module Federation Manifest Plugin ] Manifest will use absolute path resolution via its host at runtime, reason: publicPath='auto'
[ Module Federation Manifest Plugin ] Manifest Link: {auto}/static/chunks/mf-manifest.json 
[ Module Federation Manifest Plugin ] Manifest Link: /_next/mf-manifest.json 
 ✓ Ready in 3.7s
 ⚠ Fast Refresh had to perform a full reload. Read more: https://nextjs.org/docs/messages/fast-refresh-reload
[ Module Federation Manifest Plugin ] Manifest Link: {auto}/static/chunks/mf-manifest.json 
 ⚠ Fast Refresh had to perform a full reload. Read more: https://nextjs.org/docs/messages/fast-refresh-reload
[ Module Federation Manifest Plugin ] Manifest Link: /_next/mf-manifest.json 
 ○ Compiling / ...
[ Module Federation Manifest Plugin ] Manifest Link: {auto}/static/chunks/mf-manifest.json 
 ⚠ Fast Refresh had to perform a full reload. Read more: https://nextjs.org/docs/messages/fast-refresh-reload
[ Module Federation Manifest Plugin ] Manifest Link: /_next/mf-manifest.json 
 ✓ Compiled / in 1173ms (635 modules)
 GET / 200 in 429ms
 ○ Compiling /api/auth/verify ...
[ Module Federation Manifest Plugin ] Manifest Link: /_next/mf-manifest.json 
 ✓ Compiled /api/auth/verify in 1272ms (477 modules)
NEXT_PUBLIC_SUPABASE_URL: https://wrmkijqvcdlxianvba.supabase.co
NEXT_PUBLIC_SUPABASE_ANON_KEY exists: true
SUPABASE_SERVICE_ROLE_KEY exists: true
(node:13946) [DEP0040] DeprecationWarning: The `punycode` module is deprecated. Please use a userland alternative instead.
(Use `node --trace-deprecation ...` to show where the warning was created)
 GET /api/auth/verify 401 in 1438ms
[?25h
